|Portal| 2025-12-06 23:52:13 [..] Loaded.
|Portal| 2025-12-06 23:52:12 [..] Loading /home/laynie/Gilderhaven/venv/lib/python3.12/site-packages/evennia/server/portal/portal.py...
|Portal| 2025-12-06 23:52:13 [..] Loaded.
|Portal| 2025-12-06 23:52:13 [..] twistd 24.11.0 (/home/laynie/Gilderhaven/venv/bin/python3 3.12.3) starting up.
|Portal| 2025-12-06 23:52:13 [..] reactor class: twisted.internet.epollreactor.EPollReactor.
|Portal| 2025-12-06 23:52:13 [..] AMP starting on 4006
|Portal| 2025-12-06 23:52:13 [..] Telnet starting on 4000
|Portal| 2025-12-06 23:52:13 [..] Websocket starting on 4002
|Portal| 2025-12-06 23:52:13 [..] Webserver-proxy starting on 4001
|Portal| 2025-12-06 23:52:13 [..] Portal starting server ... 
|Portal| 2025-12-06 23:52:16 [..] Portal starting server ... 
|Portal| 2025-12-07 00:00:49 [..] Timing out client: IPv4Address(type='TCP', host='127.0.0.1', port=54014)
|Portal| 2025-12-07 00:00:49 [..] Timing out client: IPv4Address(type='TCP', host='127.0.0.1', port=53992)
|Portal| 2025-12-07 00:00:49 [..] Timing out client: IPv4Address(type='TCP', host='127.0.0.1', port=54022)
|Portal| 2025-12-07 00:00:49 [..] Timing out client: IPv4Address(type='TCP', host='127.0.0.1', port=54024)
|Portal| 2025-12-07 00:00:49 [..] Timing out client: IPv4Address(type='TCP', host='127.0.0.1', port=54036)
|Portal| 2025-12-07 00:00:51 [..] Timing out client: IPv4Address(type='TCP', host='127.0.0.1', port=53994)
|Portal| 2025-12-07 00:01:43 [..] Portal starting server ... 
|Portal| 2025-12-07 01:53:53 [..] Received SIGTERM, shutting down.
|Portal| 2025-12-07 01:53:53 [..] (TCP Port 4001 Closed)
|Portal| 2025-12-07 01:53:53 [..] (TCP Port 4002 Closed)
|Portal| 2025-12-07 01:53:53 [..] (TCP Port 4000 Closed)
|Portal| 2025-12-07 01:53:53 [..] (TCP Port 4006 Closed)
|Portal| 2025-12-07 01:53:53 [..] Main loop terminated.
|Portal| 2025-12-07 01:53:53 [..] Server Shut Down.
|Portal| 2025-12-07 01:54:47 [..] Loaded.
|Portal| 2025-12-07 01:54:46 [..] Loading /home/laynie/evennia-env/lib/python3.12/site-packages/evennia/server/portal/portal.py...
|Portal| 2025-12-07 01:54:47 [..] Loaded.
|Portal| 2025-12-07 01:54:47 [..] twistd 24.11.0 (/home/laynie/evennia-env/bin/python3 3.12.3) starting up.
|Portal| 2025-12-07 01:54:47 [..] reactor class: twisted.internet.epollreactor.EPollReactor.
|Portal| 2025-12-07 01:54:47 [..] AMP starting on 4006
|Portal| 2025-12-07 01:54:47 [..] Telnet starting on 4000
|Portal| 2025-12-07 01:54:47 [..] Websocket starting on 4002
|Portal| 2025-12-07 01:54:47 [..] Webserver-proxy starting on 4001
|Portal| 2025-12-07 01:54:47 [..] Portal starting server ... 
|Portal| 2025-12-07 01:54:50 [..] Portal starting server ... 
|Portal| 2025-12-07 02:23:27 [..] Received SIGTERM, shutting down.
|Portal| 2025-12-07 02:23:27 [..] (TCP Port 4001 Closed)
|Portal| 2025-12-07 02:23:27 [..] (TCP Port 4002 Closed)
|Portal| 2025-12-07 02:23:27 [..] (TCP Port 4000 Closed)
|Portal| 2025-12-07 02:23:27 [..] (TCP Port 4006 Closed)
|Portal| 2025-12-07 02:23:27 [..] Main loop terminated.
|Portal| 2025-12-07 02:23:27 [..] Server Shut Down.
|Portal| 2025-12-07 02:31:46 [..] Loaded.
|Portal| 2025-12-07 02:31:45 [..] Loading /home/laynie/evennia-env/lib/python3.12/site-packages/evennia/server/portal/portal.py...
|Portal| 2025-12-07 02:31:46 [..] Loaded.
|Portal| 2025-12-07 02:31:46 [..] twistd 24.11.0 (/home/laynie/evennia-env/bin/python3 3.12.3) starting up.
|Portal| 2025-12-07 02:31:46 [..] reactor class: twisted.internet.epollreactor.EPollReactor.
|Portal| 2025-12-07 02:31:46 [..] AMP starting on 4006
|Portal| 2025-12-07 02:31:46 [..] Telnet starting on 4000
|Portal| 2025-12-07 02:31:46 [..] Websocket starting on 4002
|Portal| 2025-12-07 02:31:46 [..] Webserver-proxy starting on 4001
|Portal| 2025-12-07 02:31:46 [..] Portal starting server ... 
|Portal| 2025-12-07 02:31:48 [..] Portal starting server ... 
|Portal| 2025-12-07 03:17:27 [..] Portal starting server ... 
|Portal| 2025-12-07 03:20:15 [..] Portal starting server ... 
|Portal| 2025-12-07 03:23:27 [..] Portal starting server ... 
|Portal| 2025-12-07 04:11:35 [..] Portal starting server ... 
|Portal| 2025-12-07 04:16:02 [..] Portal starting server ... 
|Portal| 2025-12-07 04:22:46 [..] Portal starting server ... 
|Portal| 2025-12-07 05:12:18 [..] Portal starting server ... 
|Portal| 2025-12-07 05:17:08 [..] Portal starting server ... 
|Portal| 2025-12-07 05:53:20 [..] Portal starting server ... 
|Portal| 2025-12-07 06:01:34 [..] Portal starting server ... 
|Portal| 2025-12-07 06:15:17 [..] Portal starting server ... 
|Portal| 2025-12-07 06:18:10 [..] Portal starting server ... 
|Portal| 2025-12-07 06:27:42 [..] Portal starting server ... 
|Portal| 2025-12-07 06:30:39 [..] Portal starting server ... 
|Portal| 2025-12-07 06:42:51 [..] Portal starting server ... 
|Portal| 2025-12-07 06:51:22 [..] Portal starting server ... 
|Portal| 2025-12-07 07:08:32 [..] Portal starting server ... 
|Portal| 2025-12-07 09:23:08 [..] Portal starting server ... 
|Portal| 2025-12-07 09:33:09 [..] Portal starting server ... 
|Portal| 2025-12-07 09:34:48 [..] Portal starting server ... 
|Portal| 2025-12-07 18:36:05 [..] Portal starting server ... 
